# JRE version: OpenJDK Runtime Environment (8.0_171-b11) (build 1.8.0_171-8u171-b11-1~deb9u1-b11)
# Java VM: OpenJDK Client VM (25.171-b11 mixed mode linux-aarch32 )
Heap:
 def new generation   total 4928K, used 138K [0x64400000, 0x64950000, 0x69200000)
  eden space 4416K,   3% used [0x64400000, 0x644213d0, 0x64850000)
  from space 512K,   1% used [0x64850000, 0x648516c0, 0x648d0000)
  to   space 512K,   0% used [0x648d0000, 0x648d0000, 0x64950000)
 tenured generation   total 10944K, used 835K [0x69200000, 0x69cb0000, 0x72e00000)
   the space 10944K,   7% used [0x69200000, 0x692d0c18, 0x692d0e00, 0x69cb0000)
 Metaspace       used 3152K, capacity 3166K, committed 3224K, reserved 4400K
GC Heap History (4 events):
Event: 6,562 GC heap before
{Heap before GC invocations=0 (full 0):
 def new generation   total 4928K, used 4416K [0x64400000, 0x64950000, 0x69200000)
  eden space 4416K, 100% used [0x64400000, 0x64850000, 0x64850000)
  from space 512K,   0% used [0x64850000, 0x64850000, 0x648d0000)
  to   space 512K,   0% used [0x648d0000, 0x648d0000, 0x64950000)
 tenured generation   total 10944K, used 0K [0x69200000, 0x69cb0000, 0x72e00000)
   the space 10944K,   0% used [0x69200000, 0x69200000, 0x69200200, 0x69cb0000)
 Metaspace       used 3150K, capacity 3166K, committed 3224K, reserved 4400K
Event: 6,583 GC heap after
Heap after GC invocations=1 (full 0):
 def new generation   total 4928K, used 512K [0x64400000, 0x64950000, 0x69200000)
  eden space 4416K,   0% used [0x64400000, 0x64400000, 0x64850000)
  from space 512K, 100% used [0x648d0000, 0x64950000, 0x64950000)
  to   space 512K,   0% used [0x64850000, 0x64850000, 0x648d0000)
 tenured generation   total 10944K, used 323K [0x69200000, 0x69cb0000, 0x72e00000)
   the space 10944K,   2% used [0x69200000, 0x69250fe8, 0x69251000, 0x69cb0000)
 Metaspace       used 3150K, capacity 3166K, committed 3224K, reserved 4400K
}
Event: 23,309 GC heap before
{Heap before GC invocations=1 (full 0):
 def new generation   total 4928K, used 4928K [0x64400000, 0x64950000, 0x69200000)
  eden space 4416K, 100% used [0x64400000, 0x64850000, 0x64850000)
  from space 512K, 100% used [0x648d0000, 0x64950000, 0x64950000)
  to   space 512K,   0% used [0x64850000, 0x64850000, 0x648d0000)
 tenured generation   total 10944K, used 323K [0x69200000, 0x69cb0000, 0x72e00000)
   the space 10944K,   2% used [0x69200000, 0x69250fe8, 0x69251000, 0x69cb0000)
 Metaspace       used 3151K, capacity 3166K, committed 3224K, reserved 4400K
Event: 23,325 GC heap after
Heap after GC invocations=2 (full 0):
 def new generation   total 4928K, used 5K [0x64400000, 0x64950000, 0x69200000)
  eden space 4416K,   0% used [0x64400000, 0x64400000, 0x64850000)
  from space 512K,   1% used [0x64850000, 0x648516c0, 0x648d0000)
  to   space 512K,   0% used [0x648d0000, 0x648d0000, 0x64950000)
 tenured generation   total 10944K, used 835K [0x69200000, 0x69cb0000, 0x72e00000)
   the space 10944K,   7% used [0x69200000, 0x692d0c18, 0x692d0e00, 0x69cb0000)
 Metaspace       used 3151K, capacity 3166K, committed 3224K, reserved 4400K
}

